Using pre-set license
Built from '2020.3/staging' branch; Version is '2020.3.11f1 (99c7afb366b3) revision 10078127'; Using compiler version '192528614'; Build Type 'Release'
OS: 'Windows 10 Home Single Language; OS build 19042.1052; Version 2009; 64bit' Language: 'pt' Physical Memory: 8066 MB
BatchMode: 1, IsHumanControllingUs: 0, StartBugReporterOnCrash: 0, Is64bit: 1, IsPro: 0

 COMMAND LINE ARGUMENTS:
C:\Program Files\Unity\Hub\Editor\2020.3.11f1\Editor\Unity.exe
-adb2
-batchMode
-noUpm
-name
AssetImportWorker0
-projectPath
C:/Users/Gabriel/OneDrive/Documentos/Projetos/Biodiversidade em jogo
-logFile
Logs/AssetImportWorker0.log
-srvPort
58583
Successfully changed project path to: C:/Users/Gabriel/OneDrive/Documentos/Projetos/Biodiversidade em jogo
C:/Users/Gabriel/OneDrive/Documentos/Projetos/Biodiversidade em jogo
Using Asset Import Pipeline V2.
Refreshing native plugins compatible for Editor in 62.69 ms, found 3 plugins.
Preloading 0 native plugins for Editor in 0.00 ms.
Initialize engine version: 2020.3.11f1 (99c7afb366b3)
[Subsystems] Discovering subsystems at path C:/Program Files/Unity/Hub/Editor/2020.3.11f1/Editor/Data/Resources/UnitySubsystems
[Subsystems] Discovering subsystems at path C:/Users/Gabriel/OneDrive/Documentos/Projetos/Biodiversidade em jogo/Assets
GfxDevice: creating device client; threaded=0
Direct3D:
    Version:  Direct3D 11.0 [level 11.1]
    Renderer: Intel(R) HD Graphics 620 (ID=0x5916)
    Vendor:   
    VRAM:     4033 MB
    Driver:   26.20.100.6859
Initialize mono
Mono path[0] = 'C:/Program Files/Unity/Hub/Editor/2020.3.11f1/Editor/Data/Managed'
Mono path[1] = 'C:/Program Files/Unity/Hub/Editor/2020.3.11f1/Editor/Data/MonoBleedingEdge/lib/mono/unityjit'
Mono config path = 'C:/Program Files/Unity/Hub/Editor/2020.3.11f1/Editor/Data/MonoBleedingEdge/etc'
Using monoOptions --debugger-agent=transport=dt_socket,embedding=1,server=y,suspend=n,address=127.0.0.1:56820
Begin MonoManager ReloadAssembly
Registering precompiled unity dll's ...
Register platform support module: C:/Program Files/Unity/Hub/Editor/2020.3.11f1/Editor/Data/PlaybackEngines/WindowsStandaloneSupport/UnityEditor.WindowsStandalone.Extensions.dll
Register platform support module: C:/Program Files/Unity/Hub/Editor/2020.3.11f1/Editor/Data/PlaybackEngines/LinuxStandaloneSupport/UnityEditor.LinuxStandalone.Extensions.dll
Registered in 0.002867 seconds.
Native extension for LinuxStandalone target not found
Native extension for WindowsStandalone target not found
Refreshing native plugins compatible for Editor in 68.20 ms, found 3 plugins.
Preloading 0 native plugins for Editor in 0.00 ms.
Mono: successfully reloaded assembly
- Completed reload, in  2.426 seconds
Platform modules already initialized, skipping
Registering precompiled user dll's ...
Registered in 0.006197 seconds.
Begin MonoManager ReloadAssembly
Native extension for LinuxStandalone target not found
Native extension for WindowsStandalone target not found
Refreshing native plugins compatible for Editor in 61.70 ms, found 3 plugins.
Preloading 0 native plugins for Editor in 0.00 ms.
Mono: successfully reloaded assembly
- Completed reload, in  1.548 seconds
Platform modules already initialized, skipping
========================================================================
Worker process is ready to serve import requests
Launched and connected shader compiler UnityShaderCompiler.exe after 0.06 seconds
Refreshing native plugins compatible for Editor in 0.57 ms, found 3 plugins.
Preloading 0 native plugins for Editor in 0.00 ms.
Unloading 2732 Unused Serialized files (Serialized files now loaded: 0)
System memory in use before: 117.6 MB.
System memory in use after: 117.7 MB.

Unloading 36 unused Assets to reduce memory usage. Loaded Objects now: 3169.
Total: 3.607800 ms (FindLiveObjects: 0.302400 ms CreateObjectMapping: 0.194600 ms MarkObjects: 2.960300 ms  DeleteObjects: 0.149200 ms)

========================================================================
Received Import Request.
  path: Assets/VIDE/Resources/Dialogues/001.json
  artifactKey: Guid(64d6a573b55208f4b9b487f8bee6a8b1) Importer(815301076,1909f56bfc062723c751e8b465ee728b)
Start importing Assets/VIDE/Resources/Dialogues/001.json using Guid(64d6a573b55208f4b9b487f8bee6a8b1) Importer(815301076,1909f56bfc062723c751e8b465ee728b)  -> (artifact id: 'e3ef732422c6a8b3cc4ac2651eb56ab6') in 0.135183 seconds
  Import took 0.141509 seconds .

========================================================================
Received Import Request.
  Time since last request: 101.231122 seconds.
  path: Assets/VIDE/Resources/Dialogues/001.json
  artifactKey: Guid(64d6a573b55208f4b9b487f8bee6a8b1) Importer(815301076,1909f56bfc062723c751e8b465ee728b)
Start importing Assets/VIDE/Resources/Dialogues/001.json using Guid(64d6a573b55208f4b9b487f8bee6a8b1) Importer(815301076,1909f56bfc062723c751e8b465ee728b)  -> (artifact id: '3cfbba9c0cafa7f3e7e04eac6a5d0d18') in 0.011584 seconds
  Import took 0.058140 seconds .

========================================================================
Received Import Request.
  Time since last request: 24.575851 seconds.
  path: Assets/VIDE/Resources/Dialogues/001.json
  artifactKey: Guid(64d6a573b55208f4b9b487f8bee6a8b1) Importer(815301076,1909f56bfc062723c751e8b465ee728b)
Start importing Assets/VIDE/Resources/Dialogues/001.json using Guid(64d6a573b55208f4b9b487f8bee6a8b1) Importer(815301076,1909f56bfc062723c751e8b465ee728b)  -> (artifact id: '5485f8308390918ca1aaa2e8262f1473') in 0.006373 seconds
  Import took 0.294648 seconds .

========================================================================
Received Import Request.
  Time since last request: 171.647173 seconds.
  path: Assets/VIDE/Resources/Dialogues/001.json
  artifactKey: Guid(64d6a573b55208f4b9b487f8bee6a8b1) Importer(815301076,1909f56bfc062723c751e8b465ee728b)
Start importing Assets/VIDE/Resources/Dialogues/001.json using Guid(64d6a573b55208f4b9b487f8bee6a8b1) Importer(815301076,1909f56bfc062723c751e8b465ee728b)  -> (artifact id: '97495a695f2dfbb00a63aa162394ae61') in 0.006573 seconds
  Import took 0.061607 seconds .

========================================================================
Received Import Request.
  Time since last request: 239.510924 seconds.
  path: Assets/VIDE/Resources/Dialogues/001.json
  artifactKey: Guid(64d6a573b55208f4b9b487f8bee6a8b1) Importer(815301076,1909f56bfc062723c751e8b465ee728b)
Start importing Assets/VIDE/Resources/Dialogues/001.json using Guid(64d6a573b55208f4b9b487f8bee6a8b1) Importer(815301076,1909f56bfc062723c751e8b465ee728b)  -> (artifact id: 'b298a7589f6564d9733ae38365255039') in 0.015861 seconds
  Import took 0.183983 seconds .

========================================================================
Received Import Request.
  Time since last request: 132.386997 seconds.
  path: Assets/VIDE/Resources/Dialogues/001.json
  artifactKey: Guid(64d6a573b55208f4b9b487f8bee6a8b1) Importer(815301076,1909f56bfc062723c751e8b465ee728b)
Start importing Assets/VIDE/Resources/Dialogues/001.json using Guid(64d6a573b55208f4b9b487f8bee6a8b1) Importer(815301076,1909f56bfc062723c751e8b465ee728b)  -> (artifact id: '1a8bbf4d0bae8116de5bb6323a0cbbd7') in 0.007909 seconds
  Import took 0.682430 seconds .

========================================================================
Received Import Request.
  Time since last request: 39.188086 seconds.
  path: Assets/VIDE/Resources/Dialogues/001.json
  artifactKey: Guid(64d6a573b55208f4b9b487f8bee6a8b1) Importer(815301076,1909f56bfc062723c751e8b465ee728b)
Start importing Assets/VIDE/Resources/Dialogues/001.json using Guid(64d6a573b55208f4b9b487f8bee6a8b1) Importer(815301076,1909f56bfc062723c751e8b465ee728b)  -> (artifact id: '60b639064b22fd14f570f6d0d50b2995') in 0.010139 seconds
  Import took 0.164263 seconds .

========================================================================
Received Import Request.
  Time since last request: 16.010623 seconds.
  path: Assets/VIDE/Resources/Dialogues/001.json
  artifactKey: Guid(64d6a573b55208f4b9b487f8bee6a8b1) Importer(815301076,1909f56bfc062723c751e8b465ee728b)
Start importing Assets/VIDE/Resources/Dialogues/001.json using Guid(64d6a573b55208f4b9b487f8bee6a8b1) Importer(815301076,1909f56bfc062723c751e8b465ee728b)  -> (artifact id: 'd91c807999471d735904b0340b1e236c') in 0.012257 seconds
  Import took 0.402049 seconds .

========================================================================
Received Import Request.
  Time since last request: 588.933700 seconds.
  path: Assets/VIDE/Resources/Dialogues/001.json
  artifactKey: Guid(64d6a573b55208f4b9b487f8bee6a8b1) Importer(815301076,1909f56bfc062723c751e8b465ee728b)
Start importing Assets/VIDE/Resources/Dialogues/001.json using Guid(64d6a573b55208f4b9b487f8bee6a8b1) Importer(815301076,1909f56bfc062723c751e8b465ee728b)  -> (artifact id: 'b79567b6680e1d657a68c921f93fa09a') in 0.005457 seconds
  Import took 0.094236 seconds .

========================================================================
Received Import Request.
  Time since last request: 0.201414 seconds.
  path: Assets/VIDE/Resources/Dialogues/001.json
  artifactKey: Guid(64d6a573b55208f4b9b487f8bee6a8b1) Importer(815301076,1909f56bfc062723c751e8b465ee728b)
Start importing Assets/VIDE/Resources/Dialogues/001.json using Guid(64d6a573b55208f4b9b487f8bee6a8b1) Importer(815301076,1909f56bfc062723c751e8b465ee728b)  -> (artifact id: 'b79567b6680e1d657a68c921f93fa09a') in 0.017191 seconds
  Import took 0.027461 seconds .

========================================================================
Received Import Request.
  Time since last request: 248.626972 seconds.
  path: Assets/VIDE/Resources/Dialogues/001.json
  artifactKey: Guid(64d6a573b55208f4b9b487f8bee6a8b1) Importer(815301076,1909f56bfc062723c751e8b465ee728b)
Start importing Assets/VIDE/Resources/Dialogues/001.json using Guid(64d6a573b55208f4b9b487f8bee6a8b1) Importer(815301076,1909f56bfc062723c751e8b465ee728b)  -> (artifact id: 'c29b3e5d5936a118aaa878d27ff556c3') in 0.008545 seconds
  Import took 0.080027 seconds .

========================================================================
Received Import Request.
  Time since last request: 0.004247 seconds.
  path: Assets/VIDE/Resources/Dialogues/001.json
  artifactKey: Guid(64d6a573b55208f4b9b487f8bee6a8b1) Importer(815301076,1909f56bfc062723c751e8b465ee728b)
Start importing Assets/VIDE/Resources/Dialogues/001.json using Guid(64d6a573b55208f4b9b487f8bee6a8b1) Importer(815301076,1909f56bfc062723c751e8b465ee728b)  -> (artifact id: 'c29b3e5d5936a118aaa878d27ff556c3') in 0.005888 seconds
  Import took 0.013906 seconds .

========================================================================
Received Import Request.
  Time since last request: 46.544872 seconds.
  path: Assets/VIDE/Resources/Dialogues/001.json
  artifactKey: Guid(64d6a573b55208f4b9b487f8bee6a8b1) Importer(815301076,1909f56bfc062723c751e8b465ee728b)
Start importing Assets/VIDE/Resources/Dialogues/001.json using Guid(64d6a573b55208f4b9b487f8bee6a8b1) Importer(815301076,1909f56bfc062723c751e8b465ee728b)  -> (artifact id: '53e29f2b1d544daaad6efb4c72e45741') in 0.010018 seconds
  Import took 0.067168 seconds .

========================================================================
Received Prepare
Registering precompiled user dll's ...
Registered in 0.005329 seconds.
Begin MonoManager ReloadAssembly
Native extension for LinuxStandalone target not found
Native extension for WindowsStandalone target not found
Refreshing native plugins compatible for Editor in 2.29 ms, found 3 plugins.
Preloading 0 native plugins for Editor in 0.00 ms.
Mono: successfully reloaded assembly
- Completed reload, in  1.426 seconds
Platform modules already initialized, skipping
Refreshing native plugins compatible for Editor in 0.86 ms, found 3 plugins.
Preloading 0 native plugins for Editor in 0.00 ms.
Unloading 2710 Unused Serialized files (Serialized files now loaded: 0)
System memory in use before: 116.2 MB.
System memory in use after: 116.3 MB.

Unloading 22 unused Assets to reduce memory usage. Loaded Objects now: 3173.
Total: 3.397500 ms (FindLiveObjects: 0.331700 ms CreateObjectMapping: 0.159100 ms MarkObjects: 2.736600 ms  DeleteObjects: 0.168900 ms)

========================================================================
Received Import Request.
  Time since last request: 1055.621617 seconds.
  path: ProjectSettings/TagManager.asset
  artifactKey: Guid(00000000000000003000000000000000) Importer(815301076,1909f56bfc062723c751e8b465ee728b)
Start importing ProjectSettings/TagManager.asset using Guid(00000000000000003000000000000000) Importer(815301076,1909f56bfc062723c751e8b465ee728b)  -> (artifact id: 'b54ba580b8f7ae860674a8857217bdf5') in 0.071294 seconds
  Import took 0.114223 seconds .

========================================================================
Received Import Request.
  Time since last request: 166.305061 seconds.
  path: Assets/Original/Prefabs/NPC.prefab
  artifactKey: Guid(fb01ce2112ab7074096205ad6d05341c) Importer(815301076,1909f56bfc062723c751e8b465ee728b)
Start importing Assets/Original/Prefabs/NPC.prefab using Guid(fb01ce2112ab7074096205ad6d05341c) Importer(815301076,1909f56bfc062723c751e8b465ee728b)  -> (artifact id: '38481eddb467092007cdd4e22a484c37') in 0.231773 seconds
  Import took 0.247515 seconds .

========================================================================
Received Prepare
Registering precompiled user dll's ...
Registered in 0.005463 seconds.
Begin MonoManager ReloadAssembly
Native extension for LinuxStandalone target not found
Native extension for WindowsStandalone target not found
Refreshing native plugins compatible for Editor in 0.97 ms, found 3 plugins.
Preloading 0 native plugins for Editor in 0.00 ms.
Mono: successfully reloaded assembly
- Completed reload, in  1.515 seconds
Platform modules already initialized, skipping
Refreshing native plugins compatible for Editor in 0.63 ms, found 3 plugins.
Preloading 0 native plugins for Editor in 0.00 ms.
Unloading 2710 Unused Serialized files (Serialized files now loaded: 0)
System memory in use before: 119.2 MB.
System memory in use after: 119.3 MB.

Unloading 23 unused Assets to reduce memory usage. Loaded Objects now: 3184.
Total: 3.411000 ms (FindLiveObjects: 0.319000 ms CreateObjectMapping: 0.153100 ms MarkObjects: 2.804400 ms  DeleteObjects: 0.133100 ms)

========================================================================
Received Prepare
Registering precompiled user dll's ...
Registered in 0.008525 seconds.
Begin MonoManager ReloadAssembly
Native extension for LinuxStandalone target not found
Native extension for WindowsStandalone target not found
Refreshing native plugins compatible for Editor in 0.62 ms, found 3 plugins.
Preloading 0 native plugins for Editor in 0.00 ms.
Mono: successfully reloaded assembly
- Completed reload, in  1.590 seconds
Platform modules already initialized, skipping
Refreshing native plugins compatible for Editor in 0.78 ms, found 3 plugins.
Preloading 0 native plugins for Editor in 0.00 ms.
Unloading 2710 Unused Serialized files (Serialized files now loaded: 0)
System memory in use before: 119.4 MB.
System memory in use after: 119.4 MB.

Unloading 22 unused Assets to reduce memory usage. Loaded Objects now: 3188.
Total: 3.187600 ms (FindLiveObjects: 0.443800 ms CreateObjectMapping: 0.187500 ms MarkObjects: 2.425900 ms  DeleteObjects: 0.128800 ms)

========================================================================
Received Import Request.
  Time since last request: 118.516568 seconds.
  path: Assets/Original/Scripts/Camera/VisorCamera.cs
  artifactKey: Guid(668d03cc147a5774b8b8869bcc218783) Importer(815301076,1909f56bfc062723c751e8b465ee728b)
Start importing Assets/Original/Scripts/Camera/VisorCamera.cs using Guid(668d03cc147a5774b8b8869bcc218783) Importer(815301076,1909f56bfc062723c751e8b465ee728b)  -> (artifact id: 'be8badc9c2ea1366d40970b09bf7ebc4') in 0.016580 seconds
  Import took 0.057451 seconds .

========================================================================
Received Import Request.
  Time since last request: 0.006594 seconds.
  path: Assets/Original/Scripts/Camera/VisorCamera.cs
  artifactKey: Guid(668d03cc147a5774b8b8869bcc218783) Importer(815301076,1909f56bfc062723c751e8b465ee728b)
Start importing Assets/Original/Scripts/Camera/VisorCamera.cs using Guid(668d03cc147a5774b8b8869bcc218783) Importer(815301076,1909f56bfc062723c751e8b465ee728b)  -> (artifact id: 'be8badc9c2ea1366d40970b09bf7ebc4') in 0.005504 seconds
  Import took 0.014667 seconds .

========================================================================
Received Prepare
Registering precompiled user dll's ...
Registered in 0.047029 seconds.
Begin MonoManager ReloadAssembly
Native extension for LinuxStandalone target not found
Native extension for WindowsStandalone target not found
Refreshing native plugins compatible for Editor in 0.72 ms, found 3 plugins.
Preloading 0 native plugins for Editor in 0.00 ms.
Mono: successfully reloaded assembly
- Completed reload, in  1.304 seconds
Platform modules already initialized, skipping
Refreshing native plugins compatible for Editor in 0.60 ms, found 3 plugins.
Preloading 0 native plugins for Editor in 0.00 ms.
Unloading 2710 Unused Serialized files (Serialized files now loaded: 0)
System memory in use before: 119.4 MB.
System memory in use after: 119.5 MB.

Unloading 22 unused Assets to reduce memory usage. Loaded Objects now: 3192.
Total: 3.433900 ms (FindLiveObjects: 0.361100 ms CreateObjectMapping: 0.151400 ms MarkObjects: 2.787900 ms  DeleteObjects: 0.132300 ms)

========================================================================
Received Import Request.
  Time since last request: 389.474577 seconds.
  path: Assets/Original/Scripts/Camera/VisorCamera.cs
  artifactKey: Guid(668d03cc147a5774b8b8869bcc218783) Importer(815301076,1909f56bfc062723c751e8b465ee728b)
Start importing Assets/Original/Scripts/Camera/VisorCamera.cs using Guid(668d03cc147a5774b8b8869bcc218783) Importer(815301076,1909f56bfc062723c751e8b465ee728b)  -> (artifact id: 'e2806a96612c33881f834089960af90b') in 0.007655 seconds
  Import took 0.077772 seconds .

========================================================================
Received Prepare
Registering precompiled user dll's ...
Registered in 0.007311 seconds.
Begin MonoManager ReloadAssembly
Native extension for LinuxStandalone target not found
Native extension for WindowsStandalone target not found
Refreshing native plugins compatible for Editor in 0.58 ms, found 3 plugins.
Preloading 0 native plugins for Editor in 0.00 ms.
Mono: successfully reloaded assembly
- Completed reload, in  1.455 seconds
Platform modules already initialized, skipping
Refreshing native plugins compatible for Editor in 0.62 ms, found 3 plugins.
Preloading 0 native plugins for Editor in 0.00 ms.
Unloading 2710 Unused Serialized files (Serialized files now loaded: 0)
System memory in use before: 119.4 MB.
System memory in use after: 119.5 MB.

Unloading 22 unused Assets to reduce memory usage. Loaded Objects now: 3196.
Total: 10.636900 ms (FindLiveObjects: 0.468700 ms CreateObjectMapping: 0.194600 ms MarkObjects: 9.793400 ms  DeleteObjects: 0.176700 ms)

========================================================================
Received Import Request.
  Time since last request: 57.783376 seconds.
  path: Assets/Original/Scripts/Camera/VisorCamera.cs
  artifactKey: Guid(668d03cc147a5774b8b8869bcc218783) Importer(815301076,1909f56bfc062723c751e8b465ee728b)
Start importing Assets/Original/Scripts/Camera/VisorCamera.cs using Guid(668d03cc147a5774b8b8869bcc218783) Importer(815301076,1909f56bfc062723c751e8b465ee728b)  -> (artifact id: 'de914b090e7daab6626ef5a906d697b4') in 0.011801 seconds
  Import took 0.075513 seconds .

========================================================================
Received Prepare
Registering precompiled user dll's ...
Registered in 0.005703 seconds.
Begin MonoManager ReloadAssembly
Native extension for LinuxStandalone target not found
Native extension for WindowsStandalone target not found
Refreshing native plugins compatible for Editor in 0.61 ms, found 3 plugins.
Preloading 0 native plugins for Editor in 0.00 ms.
Mono: successfully reloaded assembly
- Completed reload, in  1.280 seconds
Platform modules already initialized, skipping
Refreshing native plugins compatible for Editor in 0.58 ms, found 3 plugins.
Preloading 0 native plugins for Editor in 0.00 ms.
Unloading 2710 Unused Serialized files (Serialized files now loaded: 0)
System memory in use before: 119.4 MB.
System memory in use after: 119.5 MB.

Unloading 22 unused Assets to reduce memory usage. Loaded Objects now: 3200.
Total: 3.384100 ms (FindLiveObjects: 0.407800 ms CreateObjectMapping: 0.153500 ms MarkObjects: 2.677200 ms  DeleteObjects: 0.143900 ms)

========================================================================
Received Import Request.
  Time since last request: 85.962166 seconds.
  path: Assets/Original/Scripts/Camera/VisorCamera.cs
  artifactKey: Guid(668d03cc147a5774b8b8869bcc218783) Importer(815301076,1909f56bfc062723c751e8b465ee728b)
Start importing Assets/Original/Scripts/Camera/VisorCamera.cs using Guid(668d03cc147a5774b8b8869bcc218783) Importer(815301076,1909f56bfc062723c751e8b465ee728b)  -> (artifact id: 'b17232ed9259d696f139839000201f0a') in 0.009491 seconds
  Import took 0.062612 seconds .

========================================================================
Received Prepare
Registering precompiled user dll's ...
Registered in 0.005993 seconds.
Begin MonoManager ReloadAssembly
Native extension for LinuxStandalone target not found
Native extension for WindowsStandalone target not found
Refreshing native plugins compatible for Editor in 1.20 ms, found 3 plugins.
Preloading 0 native plugins for Editor in 0.00 ms.
Mono: successfully reloaded assembly
- Completed reload, in  1.287 seconds
Platform modules already initialized, skipping
Refreshing native plugins compatible for Editor in 0.60 ms, found 3 plugins.
Preloading 0 native plugins for Editor in 0.00 ms.
Unloading 2710 Unused Serialized files (Serialized files now loaded: 0)
System memory in use before: 119.4 MB.
System memory in use after: 119.5 MB.

Unloading 22 unused Assets to reduce memory usage. Loaded Objects now: 3204.
Total: 4.095300 ms (FindLiveObjects: 0.502500 ms CreateObjectMapping: 0.176400 ms MarkObjects: 3.282800 ms  DeleteObjects: 0.131400 ms)

========================================================================
Received Import Request.
  Time since last request: 381.135686 seconds.
  path: Assets/Original/Scripts/SistemaDeDialogos
  artifactKey: Guid(831a1503c90596a4b9f524be78ffe796) Importer(815301076,1909f56bfc062723c751e8b465ee728b)
Start importing Assets/Original/Scripts/SistemaDeDialogos using Guid(831a1503c90596a4b9f524be78ffe796) Importer(815301076,1909f56bfc062723c751e8b465ee728b)  -> (artifact id: '08180b0e950346b62d53711c566591ee') in 0.026989 seconds
  Import took 0.060445 seconds .

========================================================================
Received Import Request.
  Time since last request: 14.904793 seconds.
  path: Assets/Original/Scripts/SistemaDeDialogos/GerenciadorDeDialogos.cs
  artifactKey: Guid(d4782aeeca9372e438ebc7316e14986e) Importer(815301076,1909f56bfc062723c751e8b465ee728b)
Start importing Assets/Original/Scripts/SistemaDeDialogos/GerenciadorDeDialogos.cs using Guid(d4782aeeca9372e438ebc7316e14986e) Importer(815301076,1909f56bfc062723c751e8b465ee728b)  -> (artifact id: 'ecc96304b73928612bfc52fb7ca8a9bd') in 0.012202 seconds
  Import took 0.066956 seconds .

========================================================================
Received Prepare
Registering precompiled user dll's ...
Registered in 0.008510 seconds.
Begin MonoManager ReloadAssembly
Native extension for LinuxStandalone target not found
Native extension for WindowsStandalone target not found
Refreshing native plugins compatible for Editor in 0.74 ms, found 3 plugins.
Preloading 0 native plugins for Editor in 0.00 ms.
Mono: successfully reloaded assembly
- Completed reload, in  1.824 seconds
Platform modules already initialized, skipping
Refreshing native plugins compatible for Editor in 0.76 ms, found 3 plugins.
Preloading 0 native plugins for Editor in 0.00 ms.
Unloading 2711 Unused Serialized files (Serialized files now loaded: 0)
System memory in use before: 119.5 MB.
System memory in use after: 119.5 MB.

Unloading 22 unused Assets to reduce memory usage. Loaded Objects now: 3209.
Total: 4.416600 ms (FindLiveObjects: 0.495800 ms CreateObjectMapping: 0.200300 ms MarkObjects: 3.587800 ms  DeleteObjects: 0.130900 ms)

========================================================================
Received Prepare
Registering precompiled user dll's ...
Registered in 0.006410 seconds.
Begin MonoManager ReloadAssembly
Native extension for LinuxStandalone target not found
Native extension for WindowsStandalone target not found
Refreshing native plugins compatible for Editor in 0.61 ms, found 3 plugins.
Preloading 0 native plugins for Editor in 0.00 ms.
Mono: successfully reloaded assembly
- Completed reload, in  1.344 seconds
Platform modules already initialized, skipping
Refreshing native plugins compatible for Editor in 0.66 ms, found 3 plugins.
Preloading 0 native plugins for Editor in 0.00 ms.
Unloading 2711 Unused Serialized files (Serialized files now loaded: 0)
System memory in use before: 119.5 MB.
System memory in use after: 119.6 MB.

Unloading 22 unused Assets to reduce memory usage. Loaded Objects now: 3213.
Total: 3.465000 ms (FindLiveObjects: 0.300000 ms CreateObjectMapping: 0.123600 ms MarkObjects: 2.911200 ms  DeleteObjects: 0.129200 ms)

========================================================================
Received Import Request.
  Time since last request: 230.074380 seconds.
  path: Assets/Original/Scripts/SistemaDeDialogos/GerenciadorDeDialogos.cs
  artifactKey: Guid(d4782aeeca9372e438ebc7316e14986e) Importer(815301076,1909f56bfc062723c751e8b465ee728b)
Start importing Assets/Original/Scripts/SistemaDeDialogos/GerenciadorDeDialogos.cs using Guid(d4782aeeca9372e438ebc7316e14986e) Importer(815301076,1909f56bfc062723c751e8b465ee728b)  -> (artifact id: '95bbff3436d73a612d40a86a97aff1a0') in 0.006789 seconds
  Import took 0.427731 seconds .

========================================================================
Received Import Request.
  Time since last request: 194.459222 seconds.
  path: Assets/Original/Prefabs/UI/OpcaoResposta.prefab
  artifactKey: Guid(263a5240646a20243933d34478faf811) Importer(815301076,1909f56bfc062723c751e8b465ee728b)
Start importing Assets/Original/Prefabs/UI/OpcaoResposta.prefab using Guid(263a5240646a20243933d34478faf811) Importer(815301076,1909f56bfc062723c751e8b465ee728b)  -> (artifact id: '29311b84844c7896d3d98105fe5df7d0') in 0.834008 seconds
  Import took 0.864012 seconds .

========================================================================
Received Prepare
Registering precompiled user dll's ...
Registered in 0.005230 seconds.
Begin MonoManager ReloadAssembly
Native extension for LinuxStandalone target not found
Native extension for WindowsStandalone target not found
Refreshing native plugins compatible for Editor in 0.67 ms, found 3 plugins.
Preloading 0 native plugins for Editor in 0.00 ms.
Mono: successfully reloaded assembly
- Completed reload, in  1.510 seconds
Platform modules already initialized, skipping
Refreshing native plugins compatible for Editor in 0.63 ms, found 3 plugins.
Preloading 0 native plugins for Editor in 0.00 ms.
Unloading 2711 Unused Serialized files (Serialized files now loaded: 0)
System memory in use before: 119.5 MB.
System memory in use after: 119.6 MB.

Unloading 23 unused Assets to reduce memory usage. Loaded Objects now: 3217.
Total: 3.215800 ms (FindLiveObjects: 0.289500 ms CreateObjectMapping: 0.130700 ms MarkObjects: 2.645800 ms  DeleteObjects: 0.148700 ms)

========================================================================
Received Prepare
Registering precompiled user dll's ...
Registered in 0.005561 seconds.
Begin MonoManager ReloadAssembly
Native extension for LinuxStandalone target not found
Native extension for WindowsStandalone target not found
Refreshing native plugins compatible for Editor in 0.66 ms, found 3 plugins.
Preloading 0 native plugins for Editor in 0.00 ms.
Mono: successfully reloaded assembly
- Completed reload, in  1.507 seconds
Platform modules already initialized, skipping
Refreshing native plugins compatible for Editor in 0.66 ms, found 3 plugins.
Preloading 0 native plugins for Editor in 0.00 ms.
Unloading 2711 Unused Serialized files (Serialized files now loaded: 0)
System memory in use before: 119.5 MB.
System memory in use after: 119.6 MB.

Unloading 22 unused Assets to reduce memory usage. Loaded Objects now: 3221.
Total: 4.417900 ms (FindLiveObjects: 0.318100 ms CreateObjectMapping: 0.299100 ms MarkObjects: 3.660800 ms  DeleteObjects: 0.138600 ms)

========================================================================
Received Import Request.
  Time since last request: 1158.158987 seconds.
  path: Assets/Original/Prefabs/NPC.prefab
  artifactKey: Guid(fb01ce2112ab7074096205ad6d05341c) Importer(815301076,1909f56bfc062723c751e8b465ee728b)
Start importing Assets/Original/Prefabs/NPC.prefab using Guid(fb01ce2112ab7074096205ad6d05341c) Importer(815301076,1909f56bfc062723c751e8b465ee728b)  -> (artifact id: '4db1bd950043e620e6fa6c168b12251b') in 0.279172 seconds
  Import took 0.307926 seconds .

========================================================================
Received Import Request.
  Time since last request: 383.788585 seconds.
  path: Assets/Original/Scripts/Controles/InteracaoJogador.cs
  artifactKey: Guid(8876e27bc82c93d4bb9f512b119793ae) Importer(815301076,1909f56bfc062723c751e8b465ee728b)
Start importing Assets/Original/Scripts/Controles/InteracaoJogador.cs using Guid(8876e27bc82c93d4bb9f512b119793ae) Importer(815301076,1909f56bfc062723c751e8b465ee728b)  -> (artifact id: '35ec7244ed07876c2e0375d27a056676') in 0.025462 seconds
  Import took 0.047858 seconds .

========================================================================
Received Import Request.
  Time since last request: 0.009616 seconds.
  path: Assets/Original/Scripts/Controles/InteracaoJogador.cs
  artifactKey: Guid(8876e27bc82c93d4bb9f512b119793ae) Importer(815301076,1909f56bfc062723c751e8b465ee728b)
Start importing Assets/Original/Scripts/Controles/InteracaoJogador.cs using Guid(8876e27bc82c93d4bb9f512b119793ae) Importer(815301076,1909f56bfc062723c751e8b465ee728b)  -> (artifact id: '35ec7244ed07876c2e0375d27a056676') in 0.020671 seconds
  Import took 0.030178 seconds .

========================================================================
Received Prepare
Registering precompiled user dll's ...
Registered in 0.005556 seconds.
Begin MonoManager ReloadAssembly
Native extension for LinuxStandalone target not found
Native extension for WindowsStandalone target not found
Refreshing native plugins compatible for Editor in 0.81 ms, found 3 plugins.
Preloading 0 native plugins for Editor in 0.00 ms.
Mono: successfully reloaded assembly
- Completed reload, in  1.808 seconds
Platform modules already initialized, skipping
Refreshing native plugins compatible for Editor in 0.60 ms, found 3 plugins.
Preloading 0 native plugins for Editor in 0.00 ms.
Unloading 2712 Unused Serialized files (Serialized files now loaded: 0)
System memory in use before: 119.5 MB.
System memory in use after: 119.6 MB.

Unloading 22 unused Assets to reduce memory usage. Loaded Objects now: 3227.
Total: 3.266000 ms (FindLiveObjects: 0.323300 ms CreateObjectMapping: 0.147900 ms MarkObjects: 2.664400 ms  DeleteObjects: 0.129100 ms)

========================================================================
Received Prepare
Registering precompiled user dll's ...
Registered in 0.009366 seconds.
Begin MonoManager ReloadAssembly
Native extension for LinuxStandalone target not found
Native extension for WindowsStandalone target not found
Refreshing native plugins compatible for Editor in 0.70 ms, found 3 plugins.
Preloading 0 native plugins for Editor in 0.00 ms.
Mono: successfully reloaded assembly
- Completed reload, in  1.648 seconds
Platform modules already initialized, skipping
Refreshing native plugins compatible for Editor in 0.68 ms, found 3 plugins.
Preloading 0 native plugins for Editor in 0.00 ms.
Unloading 2712 Unused Serialized files (Serialized files now loaded: 0)
System memory in use before: 119.6 MB.
System memory in use after: 119.6 MB.

Unloading 22 unused Assets to reduce memory usage. Loaded Objects now: 3231.
Total: 3.041000 ms (FindLiveObjects: 0.301000 ms CreateObjectMapping: 0.138800 ms MarkObjects: 2.467700 ms  DeleteObjects: 0.132300 ms)

========================================================================
Received Prepare
Registering precompiled user dll's ...
Registered in 0.010820 seconds.
Begin MonoManager ReloadAssembly
Native extension for LinuxStandalone target not found
Native extension for WindowsStandalone target not found
Refreshing native plugins compatible for Editor in 0.73 ms, found 3 plugins.
Preloading 0 native plugins for Editor in 0.00 ms.
Mono: successfully reloaded assembly
- Completed reload, in  1.601 seconds
Platform modules already initialized, skipping
Refreshing native plugins compatible for Editor in 0.64 ms, found 3 plugins.
Preloading 0 native plugins for Editor in 0.00 ms.
Unloading 2712 Unused Serialized files (Serialized files now loaded: 0)
System memory in use before: 119.6 MB.
System memory in use after: 119.6 MB.

Unloading 22 unused Assets to reduce memory usage. Loaded Objects now: 3235.
Total: 5.421300 ms (FindLiveObjects: 0.962500 ms CreateObjectMapping: 0.405600 ms MarkObjects: 3.879100 ms  DeleteObjects: 0.171600 ms)

========================================================================
Received Prepare
Registering precompiled user dll's ...
Registered in 0.005240 seconds.
Begin MonoManager ReloadAssembly
Native extension for LinuxStandalone target not found
Native extension for WindowsStandalone target not found
Refreshing native plugins compatible for Editor in 0.80 ms, found 3 plugins.
Preloading 0 native plugins for Editor in 0.00 ms.
Mono: successfully reloaded assembly
- Completed reload, in  1.313 seconds
Platform modules already initialized, skipping
Script error: OnTriggerEnter2D
This message parameter has to be of type: Collider2D
The message will be ignored.

Refreshing native plugins compatible for Editor in 0.58 ms, found 3 plugins.
Preloading 0 native plugins for Editor in 0.00 ms.
Unloading 2712 Unused Serialized files (Serialized files now loaded: 0)
System memory in use before: 119.7 MB.
System memory in use after: 119.8 MB.

Unloading 22 unused Assets to reduce memory usage. Loaded Objects now: 3239.
Total: 3.365000 ms (FindLiveObjects: 0.306600 ms CreateObjectMapping: 0.147400 ms MarkObjects: 2.713000 ms  DeleteObjects: 0.196700 ms)

========================================================================
Received Prepare
Registering precompiled user dll's ...
Registered in 0.005698 seconds.
Begin MonoManager ReloadAssembly
Native extension for LinuxStandalone target not found
Native extension for WindowsStandalone target not found
Refreshing native plugins compatible for Editor in 0.59 ms, found 3 plugins.
Preloading 0 native plugins for Editor in 0.00 ms.
Mono: successfully reloaded assembly
- Completed reload, in  1.290 seconds
Platform modules already initialized, skipping
Refreshing native plugins compatible for Editor in 0.64 ms, found 3 plugins.
Preloading 0 native plugins for Editor in 0.00 ms.
Unloading 2712 Unused Serialized files (Serialized files now loaded: 0)
System memory in use before: 119.7 MB.
System memory in use after: 119.8 MB.

Unloading 22 unused Assets to reduce memory usage. Loaded Objects now: 3243.
Total: 3.214500 ms (FindLiveObjects: 0.299100 ms CreateObjectMapping: 0.128400 ms MarkObjects: 2.656400 ms  DeleteObjects: 0.129300 ms)

========================================================================
Received Prepare
Registering precompiled user dll's ...
Registered in 0.006427 seconds.
Begin MonoManager ReloadAssembly
Native extension for LinuxStandalone target not found
Native extension for WindowsStandalone target not found
Refreshing native plugins compatible for Editor in 0.64 ms, found 3 plugins.
Preloading 0 native plugins for Editor in 0.00 ms.
Mono: successfully reloaded assembly
- Completed reload, in  1.424 seconds
Platform modules already initialized, skipping
Refreshing native plugins compatible for Editor in 0.66 ms, found 3 plugins.
Preloading 0 native plugins for Editor in 0.00 ms.
Unloading 2712 Unused Serialized files (Serialized files now loaded: 0)
System memory in use before: 119.7 MB.
System memory in use after: 119.8 MB.

Unloading 22 unused Assets to reduce memory usage. Loaded Objects now: 3247.
Total: 3.144400 ms (FindLiveObjects: 0.319800 ms CreateObjectMapping: 0.175800 ms MarkObjects: 2.517400 ms  DeleteObjects: 0.129500 ms)

========================================================================
Received Prepare
Registering precompiled user dll's ...
Registered in 0.005173 seconds.
Begin MonoManager ReloadAssembly
Native extension for LinuxStandalone target not found
Native extension for WindowsStandalone target not found
Refreshing native plugins compatible for Editor in 1.78 ms, found 3 plugins.
Preloading 0 native plugins for Editor in 0.00 ms.
Mono: successfully reloaded assembly
- Completed reload, in  1.565 seconds
Platform modules already initialized, skipping
Refreshing native plugins compatible for Editor in 0.57 ms, found 3 plugins.
Preloading 0 native plugins for Editor in 0.00 ms.
Unloading 2712 Unused Serialized files (Serialized files now loaded: 0)
System memory in use before: 119.7 MB.
System memory in use after: 119.8 MB.

Unloading 22 unused Assets to reduce memory usage. Loaded Objects now: 3251.
Total: 3.139200 ms (FindLiveObjects: 0.305200 ms CreateObjectMapping: 0.130500 ms MarkObjects: 2.573700 ms  DeleteObjects: 0.128300 ms)

========================================================================
Received Prepare
Registering precompiled user dll's ...
Registered in 0.007137 seconds.
Begin MonoManager ReloadAssembly
Native extension for LinuxStandalone target not found
Native extension for WindowsStandalone target not found
Refreshing native plugins compatible for Editor in 0.59 ms, found 3 plugins.
Preloading 0 native plugins for Editor in 0.00 ms.
Mono: successfully reloaded assembly
- Completed reload, in  1.362 seconds
Platform modules already initialized, skipping
Refreshing native plugins compatible for Editor in 0.61 ms, found 3 plugins.
Preloading 0 native plugins for Editor in 0.00 ms.
Unloading 2712 Unused Serialized files (Serialized files now loaded: 0)
System memory in use before: 119.8 MB.
System memory in use after: 119.8 MB.

Unloading 22 unused Assets to reduce memory usage. Loaded Objects now: 3255.
Total: 3.185300 ms (FindLiveObjects: 0.304000 ms CreateObjectMapping: 0.118000 ms MarkObjects: 2.619800 ms  DeleteObjects: 0.142600 ms)

========================================================================
Received Prepare
Registering precompiled user dll's ...
Registered in 0.005879 seconds.
Begin MonoManager ReloadAssembly
Native extension for LinuxStandalone target not found
Native extension for WindowsStandalone target not found
Refreshing native plugins compatible for Editor in 2.43 ms, found 3 plugins.
Preloading 0 native plugins for Editor in 0.00 ms.
Mono: successfully reloaded assembly
- Completed reload, in  1.345 seconds
Platform modules already initialized, skipping
Refreshing native plugins compatible for Editor in 0.58 ms, found 3 plugins.
Preloading 0 native plugins for Editor in 0.00 ms.
Unloading 2712 Unused Serialized files (Serialized files now loaded: 0)
System memory in use before: 119.8 MB.
System memory in use after: 119.9 MB.

Unloading 22 unused Assets to reduce memory usage. Loaded Objects now: 3259.
Total: 3.197400 ms (FindLiveObjects: 0.306800 ms CreateObjectMapping: 0.185700 ms MarkObjects: 2.568800 ms  DeleteObjects: 0.134600 ms)

========================================================================
Received Prepare
Registering precompiled user dll's ...
Registered in 0.010285 seconds.
Begin MonoManager ReloadAssembly
Native extension for LinuxStandalone target not found
Native extension for WindowsStandalone target not found
Refreshing native plugins compatible for Editor in 0.58 ms, found 3 plugins.
Preloading 0 native plugins for Editor in 0.00 ms.
Mono: successfully reloaded assembly
- Completed reload, in  1.424 seconds
Platform modules already initialized, skipping
Refreshing native plugins compatible for Editor in 0.57 ms, found 3 plugins.
Preloading 0 native plugins for Editor in 0.00 ms.
Unloading 2712 Unused Serialized files (Serialized files now loaded: 0)
System memory in use before: 119.8 MB.
System memory in use after: 119.9 MB.

Unloading 22 unused Assets to reduce memory usage. Loaded Objects now: 3263.
Total: 3.254600 ms (FindLiveObjects: 0.315400 ms CreateObjectMapping: 0.143600 ms MarkObjects: 2.665100 ms  DeleteObjects: 0.129100 ms)

========================================================================
Received Prepare
Registering precompiled user dll's ...
Registered in 0.007954 seconds.
Begin MonoManager ReloadAssembly
Native extension for LinuxStandalone target not found
Native extension for WindowsStandalone target not found
Refreshing native plugins compatible for Editor in 1.07 ms, found 3 plugins.
Preloading 0 native plugins for Editor in 0.00 ms.
Mono: successfully reloaded assembly
- Completed reload, in  1.663 seconds
Platform modules already initialized, skipping
Refreshing native plugins compatible for Editor in 0.61 ms, found 3 plugins.
Preloading 0 native plugins for Editor in 0.00 ms.
Unloading 2712 Unused Serialized files (Serialized files now loaded: 0)
System memory in use before: 119.9 MB.
System memory in use after: 119.9 MB.

Unloading 22 unused Assets to reduce memory usage. Loaded Objects now: 3267.
Total: 3.237400 ms (FindLiveObjects: 0.300000 ms CreateObjectMapping: 0.109100 ms MarkObjects: 2.692400 ms  DeleteObjects: 0.134900 ms)

========================================================================
Received Prepare
Registering precompiled user dll's ...
Registered in 0.006343 seconds.
Begin MonoManager ReloadAssembly
Native extension for LinuxStandalone target not found
Native extension for WindowsStandalone target not found
Refreshing native plugins compatible for Editor in 0.61 ms, found 3 plugins.
Preloading 0 native plugins for Editor in 0.00 ms.
Mono: successfully reloaded assembly
- Completed reload, in  1.470 seconds
Platform modules already initialized, skipping
Refreshing native plugins compatible for Editor in 0.58 ms, found 3 plugins.
Preloading 0 native plugins for Editor in 0.00 ms.
Unloading 2712 Unused Serialized files (Serialized files now loaded: 0)
System memory in use before: 119.9 MB.
System memory in use after: 120.0 MB.

Unloading 22 unused Assets to reduce memory usage. Loaded Objects now: 3271.
Total: 3.050400 ms (FindLiveObjects: 0.302200 ms CreateObjectMapping: 0.141800 ms MarkObjects: 2.468800 ms  DeleteObjects: 0.136500 ms)

========================================================================
Received Prepare
Registering precompiled user dll's ...
Registered in 0.008149 seconds.
Begin MonoManager ReloadAssembly
Native extension for LinuxStandalone target not found
Native extension for WindowsStandalone target not found
Refreshing native plugins compatible for Editor in 0.91 ms, found 3 plugins.
Preloading 0 native plugins for Editor in 0.00 ms.
Mono: successfully reloaded assembly
- Completed reload, in  1.291 seconds
Platform modules already initialized, skipping
Refreshing native plugins compatible for Editor in 0.58 ms, found 3 plugins.
Preloading 0 native plugins for Editor in 0.00 ms.
Unloading 2712 Unused Serialized files (Serialized files now loaded: 0)
System memory in use before: 119.9 MB.
System memory in use after: 120.0 MB.

Unloading 22 unused Assets to reduce memory usage. Loaded Objects now: 3275.
Total: 3.741600 ms (FindLiveObjects: 0.299900 ms CreateObjectMapping: 0.101100 ms MarkObjects: 3.196800 ms  DeleteObjects: 0.142400 ms)

========================================================================
Received Prepare
Registering precompiled user dll's ...
Registered in 0.005375 seconds.
Begin MonoManager ReloadAssembly
Native extension for LinuxStandalone target not found
Native extension for WindowsStandalone target not found
Refreshing native plugins compatible for Editor in 0.58 ms, found 3 plugins.
Preloading 0 native plugins for Editor in 0.00 ms.
Mono: successfully reloaded assembly
- Completed reload, in  1.283 seconds
Platform modules already initialized, skipping
Refreshing native plugins compatible for Editor in 0.60 ms, found 3 plugins.
Preloading 0 native plugins for Editor in 0.00 ms.
Unloading 2712 Unused Serialized files (Serialized files now loaded: 0)
System memory in use before: 119.9 MB.
System memory in use after: 120.0 MB.

Unloading 22 unused Assets to reduce memory usage. Loaded Objects now: 3279.
Total: 3.005200 ms (FindLiveObjects: 0.304800 ms CreateObjectMapping: 0.155400 ms MarkObjects: 2.410700 ms  DeleteObjects: 0.133100 ms)

========================================================================
Received Prepare
Registering precompiled user dll's ...
Registered in 0.179520 seconds.
Begin MonoManager ReloadAssembly
Native extension for LinuxStandalone target not found
Native extension for WindowsStandalone target not found
Refreshing native plugins compatible for Editor in 0.59 ms, found 3 plugins.
Preloading 0 native plugins for Editor in 0.00 ms.
Mono: successfully reloaded assembly
- Completed reload, in  1.363 seconds
Platform modules already initialized, skipping
Refreshing native plugins compatible for Editor in 1.58 ms, found 3 plugins.
Preloading 0 native plugins for Editor in 0.00 ms.
Unloading 2712 Unused Serialized files (Serialized files now loaded: 0)
System memory in use before: 119.9 MB.
System memory in use after: 120.0 MB.

Unloading 22 unused Assets to reduce memory usage. Loaded Objects now: 3283.
Total: 3.555700 ms (FindLiveObjects: 0.337600 ms CreateObjectMapping: 0.162200 ms MarkObjects: 2.906200 ms  DeleteObjects: 0.146900 ms)

========================================================================
Received Prepare
Registering precompiled user dll's ...
Registered in 0.007914 seconds.
Begin MonoManager ReloadAssembly
Native extension for LinuxStandalone target not found
Native extension for WindowsStandalone target not found
Refreshing native plugins compatible for Editor in 0.60 ms, found 3 plugins.
Preloading 0 native plugins for Editor in 0.00 ms.
Mono: successfully reloaded assembly
- Completed reload, in  1.299 seconds
Platform modules already initialized, skipping
Refreshing native plugins compatible for Editor in 0.61 ms, found 3 plugins.
Preloading 0 native plugins for Editor in 0.00 ms.
Unloading 2712 Unused Serialized files (Serialized files now loaded: 0)
System memory in use before: 119.9 MB.
System memory in use after: 120.0 MB.

Unloading 22 unused Assets to reduce memory usage. Loaded Objects now: 3287.
Total: 4.325100 ms (FindLiveObjects: 0.346000 ms CreateObjectMapping: 0.141700 ms MarkObjects: 3.701300 ms  DeleteObjects: 0.135100 ms)

========================================================================
Received Prepare
Registering precompiled user dll's ...
Registered in 0.005466 seconds.
Begin MonoManager ReloadAssembly
Native extension for LinuxStandalone target not found
Native extension for WindowsStandalone target not found
Refreshing native plugins compatible for Editor in 0.59 ms, found 3 plugins.
Preloading 0 native plugins for Editor in 0.00 ms.
Mono: successfully reloaded assembly
- Completed reload, in  1.249 seconds
Platform modules already initialized, skipping
Refreshing native plugins compatible for Editor in 0.60 ms, found 3 plugins.
Preloading 0 native plugins for Editor in 0.00 ms.
Unloading 2712 Unused Serialized files (Serialized files now loaded: 0)
System memory in use before: 119.9 MB.
System memory in use after: 120.0 MB.

Unloading 22 unused Assets to reduce memory usage. Loaded Objects now: 3291.
Total: 3.163400 ms (FindLiveObjects: 0.295300 ms CreateObjectMapping: 0.166100 ms MarkObjects: 2.565000 ms  DeleteObjects: 0.135500 ms)

========================================================================
Received Prepare
Registering precompiled user dll's ...
Registered in 0.009077 seconds.
Begin MonoManager ReloadAssembly
Native extension for LinuxStandalone target not found
Native extension for WindowsStandalone target not found
Refreshing native plugins compatible for Editor in 1.19 ms, found 3 plugins.
Preloading 0 native plugins for Editor in 0.00 ms.
Mono: successfully reloaded assembly
- Completed reload, in  1.340 seconds
Platform modules already initialized, skipping
Refreshing native plugins compatible for Editor in 1.07 ms, found 3 plugins.
Preloading 0 native plugins for Editor in 0.00 ms.
Unloading 2712 Unused Serialized files (Serialized files now loaded: 0)
System memory in use before: 119.9 MB.
System memory in use after: 120.0 MB.

Unloading 22 unused Assets to reduce memory usage. Loaded Objects now: 3295.
Total: 2.845200 ms (FindLiveObjects: 0.304700 ms CreateObjectMapping: 0.147000 ms MarkObjects: 2.259600 ms  DeleteObjects: 0.132100 ms)

========================================================================
Received Prepare
Registering precompiled user dll's ...
Registered in 0.005666 seconds.
Begin MonoManager ReloadAssembly
Native extension for LinuxStandalone target not found
Native extension for WindowsStandalone target not found
Refreshing native plugins compatible for Editor in 0.58 ms, found 3 plugins.
Preloading 0 native plugins for Editor in 0.00 ms.
Mono: successfully reloaded assembly
- Completed reload, in  1.354 seconds
Platform modules already initialized, skipping
Refreshing native plugins compatible for Editor in 0.58 ms, found 3 plugins.
Preloading 0 native plugins for Editor in 0.00 ms.
Unloading 2712 Unused Serialized files (Serialized files now loaded: 0)
System memory in use before: 120.0 MB.
System memory in use after: 120.0 MB.

Unloading 22 unused Assets to reduce memory usage. Loaded Objects now: 3299.
Total: 3.007600 ms (FindLiveObjects: 0.377000 ms CreateObjectMapping: 0.156200 ms MarkObjects: 2.338700 ms  DeleteObjects: 0.134300 ms)

========================================================================
Received Prepare
Registering precompiled user dll's ...
Registered in 0.005621 seconds.
Begin MonoManager ReloadAssembly
Native extension for LinuxStandalone target not found
Native extension for WindowsStandalone target not found
Refreshing native plugins compatible for Editor in 0.58 ms, found 3 plugins.
Preloading 0 native plugins for Editor in 0.00 ms.
Mono: successfully reloaded assembly
- Completed reload, in  1.307 seconds
Platform modules already initialized, skipping
Refreshing native plugins compatible for Editor in 0.60 ms, found 3 plugins.
Preloading 0 native plugins for Editor in 0.00 ms.
Unloading 2712 Unused Serialized files (Serialized files now loaded: 0)
System memory in use before: 120.0 MB.
System memory in use after: 120.1 MB.

Unloading 22 unused Assets to reduce memory usage. Loaded Objects now: 3303.
Total: 3.233000 ms (FindLiveObjects: 0.338200 ms CreateObjectMapping: 0.141500 ms MarkObjects: 2.623300 ms  DeleteObjects: 0.129000 ms)

========================================================================
Received Prepare
Registering precompiled user dll's ...
Registered in 0.005748 seconds.
Begin MonoManager ReloadAssembly
Native extension for LinuxStandalone target not found
Native extension for WindowsStandalone target not found
Refreshing native plugins compatible for Editor in 0.58 ms, found 3 plugins.
Preloading 0 native plugins for Editor in 0.00 ms.
Mono: successfully reloaded assembly
- Completed reload, in  1.331 seconds
Platform modules already initialized, skipping
Refreshing native plugins compatible for Editor in 0.84 ms, found 3 plugins.
Preloading 0 native plugins for Editor in 0.00 ms.
Unloading 2712 Unused Serialized files (Serialized files now loaded: 0)
System memory in use before: 120.0 MB.
System memory in use after: 120.1 MB.

Unloading 22 unused Assets to reduce memory usage. Loaded Objects now: 3307.
Total: 7.080800 ms (FindLiveObjects: 1.008100 ms CreateObjectMapping: 0.726400 ms MarkObjects: 5.200100 ms  DeleteObjects: 0.144500 ms)

========================================================================
Received Prepare
Registering precompiled user dll's ...
Registered in 0.005266 seconds.
Begin MonoManager ReloadAssembly
Native extension for LinuxStandalone target not found
Native extension for WindowsStandalone target not found
Refreshing native plugins compatible for Editor in 0.58 ms, found 3 plugins.
Preloading 0 native plugins for Editor in 0.00 ms.
Mono: successfully reloaded assembly
- Completed reload, in  1.320 seconds
Platform modules already initialized, skipping
Refreshing native plugins compatible for Editor in 0.57 ms, found 3 plugins.
Preloading 0 native plugins for Editor in 0.00 ms.
Unloading 2712 Unused Serialized files (Serialized files now loaded: 0)
System memory in use before: 120.0 MB.
System memory in use after: 120.1 MB.

Unloading 22 unused Assets to reduce memory usage. Loaded Objects now: 3311.
Total: 3.918500 ms (FindLiveObjects: 0.290100 ms CreateObjectMapping: 0.124200 ms MarkObjects: 3.367500 ms  DeleteObjects: 0.135500 ms)

========================================================================
Received Prepare
Registering precompiled user dll's ...
Registered in 0.006923 seconds.
Begin MonoManager ReloadAssembly
Native extension for LinuxStandalone target not found
Native extension for WindowsStandalone target not found
Refreshing native plugins compatible for Editor in 0.65 ms, found 3 plugins.
Preloading 0 native plugins for Editor in 0.00 ms.
Mono: successfully reloaded assembly
- Completed reload, in  1.259 seconds
Platform modules already initialized, skipping
Refreshing native plugins compatible for Editor in 0.92 ms, found 3 plugins.
Preloading 0 native plugins for Editor in 0.00 ms.
Unloading 2712 Unused Serialized files (Serialized files now loaded: 0)
System memory in use before: 120.0 MB.
System memory in use after: 120.1 MB.

Unloading 22 unused Assets to reduce memory usage. Loaded Objects now: 3315.
Total: 5.858700 ms (FindLiveObjects: 0.605600 ms CreateObjectMapping: 0.245900 ms MarkObjects: 4.853200 ms  DeleteObjects: 0.152300 ms)

========================================================================
Received Prepare
Registering precompiled user dll's ...
Registered in 0.005784 seconds.
Begin MonoManager ReloadAssembly
Native extension for LinuxStandalone target not found
Native extension for WindowsStandalone target not found
Refreshing native plugins compatible for Editor in 0.58 ms, found 3 plugins.
Preloading 0 native plugins for Editor in 0.00 ms.
Mono: successfully reloaded assembly
- Completed reload, in  1.306 seconds
Platform modules already initialized, skipping
Refreshing native plugins compatible for Editor in 0.59 ms, found 3 plugins.
Preloading 0 native plugins for Editor in 0.00 ms.
Unloading 2712 Unused Serialized files (Serialized files now loaded: 0)
System memory in use before: 120.0 MB.
System memory in use after: 120.1 MB.

Unloading 22 unused Assets to reduce memory usage. Loaded Objects now: 3319.
Total: 4.292200 ms (FindLiveObjects: 0.493200 ms CreateObjectMapping: 0.450400 ms MarkObjects: 3.209700 ms  DeleteObjects: 0.137400 ms)

========================================================================
Received Prepare
Registering precompiled user dll's ...
Registered in 0.005152 seconds.
Begin MonoManager ReloadAssembly
Native extension for LinuxStandalone target not found
Native extension for WindowsStandalone target not found
Refreshing native plugins compatible for Editor in 2.02 ms, found 3 plugins.
Preloading 0 native plugins for Editor in 0.00 ms.
Mono: successfully reloaded assembly
- Completed reload, in  1.577 seconds
Platform modules already initialized, skipping
Refreshing native plugins compatible for Editor in 0.61 ms, found 3 plugins.
Preloading 0 native plugins for Editor in 0.00 ms.
Unloading 2712 Unused Serialized files (Serialized files now loaded: 0)
System memory in use before: 120.0 MB.
System memory in use after: 120.1 MB.

Unloading 22 unused Assets to reduce memory usage. Loaded Objects now: 3323.
Total: 3.172900 ms (FindLiveObjects: 0.312600 ms CreateObjectMapping: 0.120900 ms MarkObjects: 2.555300 ms  DeleteObjects: 0.182500 ms)

========================================================================
Received Prepare
Registering precompiled user dll's ...
Registered in 0.005211 seconds.
Begin MonoManager ReloadAssembly
Native extension for LinuxStandalone target not found
Native extension for WindowsStandalone target not found
Refreshing native plugins compatible for Editor in 1.25 ms, found 3 plugins.
Preloading 0 native plugins for Editor in 0.00 ms.
Mono: successfully reloaded assembly
- Completed reload, in  1.297 seconds
Platform modules already initialized, skipping
Refreshing native plugins compatible for Editor in 0.61 ms, found 3 plugins.
Preloading 0 native plugins for Editor in 0.00 ms.
Unloading 2712 Unused Serialized files (Serialized files now loaded: 0)
System memory in use before: 120.0 MB.
System memory in use after: 120.1 MB.

Unloading 22 unused Assets to reduce memory usage. Loaded Objects now: 3327.
Total: 3.233700 ms (FindLiveObjects: 0.321600 ms CreateObjectMapping: 0.156000 ms MarkObjects: 2.622800 ms  DeleteObjects: 0.132100 ms)

========================================================================
Received Prepare
Registering precompiled user dll's ...
Registered in 0.005375 seconds.
Begin MonoManager ReloadAssembly
Native extension for LinuxStandalone target not found
Native extension for WindowsStandalone target not found
Refreshing native plugins compatible for Editor in 0.61 ms, found 3 plugins.
Preloading 0 native plugins for Editor in 0.00 ms.
Mono: successfully reloaded assembly
- Completed reload, in  1.552 seconds
Platform modules already initialized, skipping
Refreshing native plugins compatible for Editor in 0.61 ms, found 3 plugins.
Preloading 0 native plugins for Editor in 0.00 ms.
Unloading 2712 Unused Serialized files (Serialized files now loaded: 0)
System memory in use before: 120.0 MB.
System memory in use after: 120.1 MB.

Unloading 22 unused Assets to reduce memory usage. Loaded Objects now: 3331.
Total: 3.415300 ms (FindLiveObjects: 0.453600 ms CreateObjectMapping: 0.211800 ms MarkObjects: 2.614700 ms  DeleteObjects: 0.133800 ms)

========================================================================
Received Prepare
Registering precompiled user dll's ...
Registered in 0.006697 seconds.
Begin MonoManager ReloadAssembly
Native extension for LinuxStandalone target not found
Native extension for WindowsStandalone target not found
Refreshing native plugins compatible for Editor in 0.61 ms, found 3 plugins.
Preloading 0 native plugins for Editor in 0.00 ms.
Mono: successfully reloaded assembly
- Completed reload, in  2.367 seconds
Platform modules already initialized, skipping
Refreshing native plugins compatible for Editor in 2.87 ms, found 3 plugins.
Preloading 0 native plugins for Editor in 0.00 ms.
Unloading 2712 Unused Serialized files (Serialized files now loaded: 0)
System memory in use before: 120.0 MB.
System memory in use after: 120.1 MB.

Unloading 22 unused Assets to reduce memory usage. Loaded Objects now: 3335.
Total: 3.808300 ms (FindLiveObjects: 0.332400 ms CreateObjectMapping: 0.169900 ms MarkObjects: 3.149000 ms  DeleteObjects: 0.155500 ms)

========================================================================
Received Prepare
Registering precompiled user dll's ...
Registered in 0.010535 seconds.
Begin MonoManager ReloadAssembly
Native extension for LinuxStandalone target not found
Native extension for WindowsStandalone target not found
Refreshing native plugins compatible for Editor in 0.65 ms, found 3 plugins.
Preloading 0 native plugins for Editor in 0.00 ms.
Mono: successfully reloaded assembly
- Completed reload, in  1.322 seconds
Platform modules already initialized, skipping
Refreshing native plugins compatible for Editor in 0.63 ms, found 3 plugins.
Preloading 0 native plugins for Editor in 0.00 ms.
Unloading 2712 Unused Serialized files (Serialized files now loaded: 0)
System memory in use before: 120.1 MB.
System memory in use after: 120.1 MB.

Unloading 22 unused Assets to reduce memory usage. Loaded Objects now: 3339.
Total: 3.271900 ms (FindLiveObjects: 0.319000 ms CreateObjectMapping: 0.140000 ms MarkObjects: 2.683800 ms  DeleteObjects: 0.127900 ms)

========================================================================
Received Prepare
Registering precompiled user dll's ...
Registered in 0.005431 seconds.
Begin MonoManager ReloadAssembly
Native extension for LinuxStandalone target not found
Native extension for WindowsStandalone target not found
Refreshing native plugins compatible for Editor in 0.67 ms, found 3 plugins.
Preloading 0 native plugins for Editor in 0.00 ms.
Mono: successfully reloaded assembly
- Completed reload, in  1.297 seconds
Platform modules already initialized, skipping
Refreshing native plugins compatible for Editor in 0.60 ms, found 3 plugins.
Preloading 0 native plugins for Editor in 0.00 ms.
Unloading 2712 Unused Serialized files (Serialized files now loaded: 0)
System memory in use before: 120.1 MB.
System memory in use after: 120.2 MB.

Unloading 22 unused Assets to reduce memory usage. Loaded Objects now: 3343.
Total: 3.203600 ms (FindLiveObjects: 0.306600 ms CreateObjectMapping: 0.143400 ms MarkObjects: 2.623000 ms  DeleteObjects: 0.129700 ms)

========================================================================
Received Prepare
Registering precompiled user dll's ...
Registered in 0.006169 seconds.
Begin MonoManager ReloadAssembly
Native extension for LinuxStandalone target not found
Native extension for WindowsStandalone target not found
Refreshing native plugins compatible for Editor in 0.71 ms, found 3 plugins.
Preloading 0 native plugins for Editor in 0.00 ms.
Mono: successfully reloaded assembly
- Completed reload, in  1.273 seconds
Platform modules already initialized, skipping
Refreshing native plugins compatible for Editor in 0.60 ms, found 3 plugins.
Preloading 0 native plugins for Editor in 0.00 ms.
Unloading 2712 Unused Serialized files (Serialized files now loaded: 0)
System memory in use before: 120.1 MB.
System memory in use after: 120.2 MB.

Unloading 22 unused Assets to reduce memory usage. Loaded Objects now: 3347.
Total: 3.332600 ms (FindLiveObjects: 0.319100 ms CreateObjectMapping: 0.139400 ms MarkObjects: 2.740400 ms  DeleteObjects: 0.132500 ms)

========================================================================
Received Prepare
Registering precompiled user dll's ...
Registered in 0.005634 seconds.
Begin MonoManager ReloadAssembly
Native extension for LinuxStandalone target not found
Native extension for WindowsStandalone target not found
Refreshing native plugins compatible for Editor in 0.59 ms, found 3 plugins.
Preloading 0 native plugins for Editor in 0.00 ms.
Mono: successfully reloaded assembly
- Completed reload, in  1.296 seconds
Platform modules already initialized, skipping
Refreshing native plugins compatible for Editor in 0.60 ms, found 3 plugins.
Preloading 0 native plugins for Editor in 0.00 ms.
Unloading 2712 Unused Serialized files (Serialized files now loaded: 0)
System memory in use before: 120.1 MB.
System memory in use after: 120.2 MB.

Unloading 22 unused Assets to reduce memory usage. Loaded Objects now: 3351.
Total: 3.185600 ms (FindLiveObjects: 0.321100 ms CreateObjectMapping: 0.134100 ms MarkObjects: 2.602100 ms  DeleteObjects: 0.127000 ms)

========================================================================
Received Prepare
Registering precompiled user dll's ...
Registered in 0.012576 seconds.
Begin MonoManager ReloadAssembly
Native extension for LinuxStandalone target not found
Native extension for WindowsStandalone target not found
Refreshing native plugins compatible for Editor in 0.63 ms, found 3 plugins.
Preloading 0 native plugins for Editor in 0.00 ms.
Mono: successfully reloaded assembly
- Completed reload, in  1.353 seconds
Platform modules already initialized, skipping
Refreshing native plugins compatible for Editor in 0.60 ms, found 3 plugins.
Preloading 0 native plugins for Editor in 0.00 ms.
Unloading 2712 Unused Serialized files (Serialized files now loaded: 0)
System memory in use before: 120.1 MB.
System memory in use after: 120.2 MB.

Unloading 22 unused Assets to reduce memory usage. Loaded Objects now: 3355.
Total: 3.460600 ms (FindLiveObjects: 0.304700 ms CreateObjectMapping: 0.154100 ms MarkObjects: 2.854100 ms  DeleteObjects: 0.146400 ms)

========================================================================
Received Import Request.
  Time since last request: 6373.878817 seconds.
  path: Assets/Original/Prefabs/UI/OpcaoResposta.prefab
  artifactKey: Guid(263a5240646a20243933d34478faf811) Importer(815301076,1909f56bfc062723c751e8b465ee728b)
Start importing Assets/Original/Prefabs/UI/OpcaoResposta.prefab using Guid(263a5240646a20243933d34478faf811) Importer(815301076,1909f56bfc062723c751e8b465ee728b)  -> (artifact id: 'e99b1cf21cea453b6c63bfa451045824') in 0.667371 seconds
  Import took 0.711462 seconds .

========================================================================
Received Prepare
Registering precompiled user dll's ...
Registered in 0.009986 seconds.
Begin MonoManager ReloadAssembly
Native extension for LinuxStandalone target not found
Native extension for WindowsStandalone target not found
Refreshing native plugins compatible for Editor in 0.59 ms, found 3 plugins.
Preloading 0 native plugins for Editor in 0.00 ms.
Mono: successfully reloaded assembly
- Completed reload, in  1.316 seconds
Platform modules already initialized, skipping
Refreshing native plugins compatible for Editor in 0.71 ms, found 3 plugins.
Preloading 0 native plugins for Editor in 0.00 ms.
Unloading 2712 Unused Serialized files (Serialized files now loaded: 0)
System memory in use before: 120.1 MB.
System memory in use after: 120.2 MB.

Unloading 23 unused Assets to reduce memory usage. Loaded Objects now: 3359.
Total: 3.412000 ms (FindLiveObjects: 0.328900 ms CreateObjectMapping: 0.122200 ms MarkObjects: 2.822100 ms  DeleteObjects: 0.137300 ms)

========================================================================
Received Prepare
Registering precompiled user dll's ...
Registered in 0.005086 seconds.
Begin MonoManager ReloadAssembly
Native extension for LinuxStandalone target not found
Native extension for WindowsStandalone target not found
Refreshing native plugins compatible for Editor in 0.67 ms, found 3 plugins.
Preloading 0 native plugins for Editor in 0.00 ms.
Mono: successfully reloaded assembly
- Completed reload, in  1.372 seconds
Platform modules already initialized, skipping
Refreshing native plugins compatible for Editor in 0.88 ms, found 3 plugins.
Preloading 0 native plugins for Editor in 0.00 ms.
Unloading 2712 Unused Serialized files (Serialized files now loaded: 0)
System memory in use before: 120.1 MB.
System memory in use after: 120.2 MB.

Unloading 22 unused Assets to reduce memory usage. Loaded Objects now: 3363.
Total: 3.009700 ms (FindLiveObjects: 0.404700 ms CreateObjectMapping: 0.167800 ms MarkObjects: 2.303800 ms  DeleteObjects: 0.131900 ms)

========================================================================
Received Prepare
Registering precompiled user dll's ...
Registered in 0.005634 seconds.
Begin MonoManager ReloadAssembly
Native extension for LinuxStandalone target not found
Native extension for WindowsStandalone target not found
Refreshing native plugins compatible for Editor in 0.67 ms, found 3 plugins.
Preloading 0 native plugins for Editor in 0.00 ms.
Mono: successfully reloaded assembly
- Completed reload, in  1.341 seconds
Platform modules already initialized, skipping
Refreshing native plugins compatible for Editor in 0.62 ms, found 3 plugins.
Preloading 0 native plugins for Editor in 0.00 ms.
Unloading 2712 Unused Serialized files (Serialized files now loaded: 0)
System memory in use before: 120.1 MB.
System memory in use after: 120.2 MB.

Unloading 22 unused Assets to reduce memory usage. Loaded Objects now: 3367.
Total: 3.462700 ms (FindLiveObjects: 0.317000 ms CreateObjectMapping: 0.137300 ms MarkObjects: 2.882500 ms  DeleteObjects: 0.124800 ms)

========================================================================
Received Prepare
Registering precompiled user dll's ...
Registered in 0.007151 seconds.
Begin MonoManager ReloadAssembly
Native extension for LinuxStandalone target not found
Native extension for WindowsStandalone target not found
Refreshing native plugins compatible for Editor in 0.75 ms, found 3 plugins.
Preloading 0 native plugins for Editor in 0.00 ms.
Mono: successfully reloaded assembly
- Completed reload, in  1.320 seconds
Platform modules already initialized, skipping
Refreshing native plugins compatible for Editor in 0.60 ms, found 3 plugins.
Preloading 0 native plugins for Editor in 0.00 ms.
Unloading 2712 Unused Serialized files (Serialized files now loaded: 0)
System memory in use before: 120.1 MB.
System memory in use after: 120.2 MB.

Unloading 22 unused Assets to reduce memory usage. Loaded Objects now: 3371.
Total: 3.415700 ms (FindLiveObjects: 0.318100 ms CreateObjectMapping: 0.129200 ms MarkObjects: 2.834300 ms  DeleteObjects: 0.133000 ms)

========================================================================
Received Prepare
Registering precompiled user dll's ...
Registered in 0.005233 seconds.
Begin MonoManager ReloadAssembly
Native extension for LinuxStandalone target not found
Native extension for WindowsStandalone target not found
Refreshing native plugins compatible for Editor in 0.61 ms, found 3 plugins.
Preloading 0 native plugins for Editor in 0.00 ms.
Mono: successfully reloaded assembly
- Completed reload, in  1.304 seconds
Platform modules already initialized, skipping
Refreshing native plugins compatible for Editor in 0.62 ms, found 3 plugins.
Preloading 0 native plugins for Editor in 0.00 ms.
Unloading 2712 Unused Serialized files (Serialized files now loaded: 0)
System memory in use before: 120.1 MB.
System memory in use after: 120.2 MB.

Unloading 22 unused Assets to reduce memory usage. Loaded Objects now: 3375.
Total: 3.572700 ms (FindLiveObjects: 0.326000 ms CreateObjectMapping: 0.136200 ms MarkObjects: 2.957800 ms  DeleteObjects: 0.151600 ms)

========================================================================
Received Prepare
Registering precompiled user dll's ...
Registered in 0.009312 seconds.
Begin MonoManager ReloadAssembly
Native extension for LinuxStandalone target not found
Native extension for WindowsStandalone target not found
Refreshing native plugins compatible for Editor in 0.61 ms, found 3 plugins.
Preloading 0 native plugins for Editor in 0.00 ms.
Mono: successfully reloaded assembly
- Completed reload, in  1.271 seconds
Platform modules already initialized, skipping
Refreshing native plugins compatible for Editor in 0.59 ms, found 3 plugins.
Preloading 0 native plugins for Editor in 0.00 ms.
Unloading 2712 Unused Serialized files (Serialized files now loaded: 0)
System memory in use before: 120.1 MB.
System memory in use after: 120.2 MB.

Unloading 22 unused Assets to reduce memory usage. Loaded Objects now: 3379.
Total: 3.154600 ms (FindLiveObjects: 0.406500 ms CreateObjectMapping: 0.215200 ms MarkObjects: 2.398700 ms  DeleteObjects: 0.133000 ms)

========================================================================
Received Prepare
Registering precompiled user dll's ...
Registered in 0.005128 seconds.
Begin MonoManager ReloadAssembly
Native extension for LinuxStandalone target not found
Native extension for WindowsStandalone target not found
Refreshing native plugins compatible for Editor in 0.77 ms, found 3 plugins.
Preloading 0 native plugins for Editor in 0.00 ms.
Mono: successfully reloaded assembly
- Completed reload, in  1.466 seconds
Platform modules already initialized, skipping
Refreshing native plugins compatible for Editor in 0.60 ms, found 3 plugins.
Preloading 0 native plugins for Editor in 0.00 ms.
Unloading 2712 Unused Serialized files (Serialized files now loaded: 0)
System memory in use before: 120.2 MB.
System memory in use after: 120.2 MB.

Unloading 22 unused Assets to reduce memory usage. Loaded Objects now: 3383.
Total: 3.634700 ms (FindLiveObjects: 0.319100 ms CreateObjectMapping: 0.127300 ms MarkObjects: 3.053900 ms  DeleteObjects: 0.133500 ms)

========================================================================
Received Prepare
Registering precompiled user dll's ...
Registered in 0.005210 seconds.
Begin MonoManager ReloadAssembly
Native extension for LinuxStandalone target not found
Native extension for WindowsStandalone target not found
Refreshing native plugins compatible for Editor in 0.60 ms, found 3 plugins.
Preloading 0 native plugins for Editor in 0.00 ms.
Mono: successfully reloaded assembly
- Completed reload, in  1.366 seconds
Platform modules already initialized, skipping
Refreshing native plugins compatible for Editor in 0.59 ms, found 3 plugins.
Preloading 0 native plugins for Editor in 0.00 ms.
Unloading 2712 Unused Serialized files (Serialized files now loaded: 0)
System memory in use before: 120.2 MB.
System memory in use after: 120.3 MB.

Unloading 22 unused Assets to reduce memory usage. Loaded Objects now: 3387.
Total: 3.309300 ms (FindLiveObjects: 0.478200 ms CreateObjectMapping: 0.186800 ms MarkObjects: 2.504900 ms  DeleteObjects: 0.137800 ms)

========================================================================
Received Prepare
Registering precompiled user dll's ...
Registered in 0.005075 seconds.
Begin MonoManager ReloadAssembly
Native extension for LinuxStandalone target not found
Native extension for WindowsStandalone target not found
Refreshing native plugins compatible for Editor in 0.73 ms, found 3 plugins.
Preloading 0 native plugins for Editor in 0.00 ms.
Mono: successfully reloaded assembly
- Completed reload, in  1.252 seconds
Platform modules already initialized, skipping
Refreshing native plugins compatible for Editor in 0.60 ms, found 3 plugins.
Preloading 0 native plugins for Editor in 0.00 ms.
Unloading 2712 Unused Serialized files (Serialized files now loaded: 0)
System memory in use before: 120.2 MB.
System memory in use after: 120.3 MB.

Unloading 22 unused Assets to reduce memory usage. Loaded Objects now: 3391.
Total: 3.195900 ms (FindLiveObjects: 0.313700 ms CreateObjectMapping: 0.154600 ms MarkObjects: 2.599300 ms  DeleteObjects: 0.127400 ms)

AssetImportWorkerClient::OnTransportError - code=2 error=End of file
